2022-05-27 18:49:51 INFO  Deserializers$Base:62 - *********Started Add_by_path **********
2022-05-27 18:49:52 INFO  Deserializers$Base:76 - {"data":{"dataset_id":"42dffb9b-042f-4ba5-b6d6-32ea707e5671","version_id":"1.0.1653657592"},"status":{"code":200,"result":"success"}}

2022-05-27 18:50:04 INFO  Deserializers$Base:128 - **********************************Resonse Data*************************************
2022-05-27 18:50:04 INFO  Deserializers$Base:131 - {
  "data": {
    "Count": {
      "feature_class": "numeric", 
      "feature_type": "integer", 
      "max": 498.0, 
      "median": 242.9147, 
      "min": 1.0, 
      "missing_values": 0, 
      "quantiles": {
        "0": 134.0717, 
        "1": 242.9147, 
        "2": 356.9762
      }, 
      "standard_deviation": 139.0614, 
      "total_rows": 453
    }, 
    "Percentage": {
      "feature_class": "numeric", 
      "feature_type": "float", 
      "max": 0.9978, 
      "median": 0.4717, 
      "min": 0.0044, 
      "missing_values": 0, 
      "quantiles": {
        "0": 0.2563, 
        "1": 0.4717, 
        "2": 0.7631
      }, 
      "standard_deviation": 0.2871, 
      "total_rows": 453
    }
  }, 
  "status": {
    "code": 200, 
    "result": "success"
  }
}

2022-05-27 18:50:04 INFO  Deserializers$Base:62 - *********Started Add_by_path **********
2022-05-27 18:50:04 INFO  Deserializers$Base:76 - {"data":{"dataset_id":"99037099-ab25-40e7-9be5-efae275d6df0","version_id":"1.0.1653657604"},"status":{"code":200,"result":"success"}}

2022-05-27 18:50:15 INFO  Deserializers$Base:128 - **********************************Resonse Data*************************************
2022-05-27 18:50:15 INFO  Deserializers$Base:131 - {
  "data": {
    "Living": {
      "feature_class": "numeric", 
      "feature_type": "integer", 
      "max": 64.0, 
      "median": 20.017, 
      "min": 10.0, 
      "missing_values": 6, 
      "quantiles": {
        "0": 16.993, 
        "1": 20.017, 
        "2": 24.013
      }, 
      "standard_deviation": 8.739, 
      "total_rows": 51
    }, 
    "Sell": {
      "feature_class": "numeric", 
      "feature_type": "integer", 
      "max": 567.0, 
      "median": 150.6, 
      "min": 87.0, 
      "missing_values": 9, 
      "quantiles": {
        "0": 132.84, 
        "1": 150.6, 
        "2": 184.2
      }, 
      "standard_deviation": 81.3297, 
      "total_rows": 51
    }
  }, 
  "status": {
    "code": 200, 
    "result": "success"
  }
}

2022-05-27 18:50:15 INFO  Deserializers$Base:62 - *********Started Add_by_path **********
2022-05-27 18:50:15 INFO  Deserializers$Base:76 - {"data":{"dataset_id":"e2605234-2416-4e37-9289-8f73c5dbe7a9","version_id":"1.0.1653657615"},"status":{"code":200,"result":"success"}}

2022-05-27 18:50:15 INFO  Deserializers$Base:128 - **********************************Resonse Data*************************************
2022-05-27 18:50:15 INFO  Deserializers$Base:131 - {
  "data": {
    "message": [
      "file_name is required."
    ]
  }, 
  "status": {
    "code": 400, 
    "result": "fail"
  }
}

2022-05-27 18:50:15 INFO  Deserializers$Base:128 - **********************************Resonse Data*************************************
2022-05-27 18:50:15 INFO  Deserializers$Base:131 - {
  "data": {
    "message": [
      "Field may not be null.", 
      "Field may not be null.", 
      "file_name is required."
    ]
  }, 
  "status": {
    "code": 400, 
    "result": "fail"
  }
}

2022-05-27 18:50:15 INFO  Deserializers$Base:62 - *********Started Add_by_path **********
2022-05-27 18:50:16 INFO  Deserializers$Base:76 - {"data":{"dataset_id":"09899225-ee62-4766-9fed-82c2197f3c38","version_id":"1.0.1653657616"},"status":{"code":200,"result":"success"}}

2022-05-27 18:50:21 INFO  Deserializers$Base:128 - **********************************Resonse Data*************************************
2022-05-27 18:50:21 INFO  Deserializers$Base:131 - {
  "data": {
    "homes.parquet": {
      "col_names_types": [
        {
          "data_type": "integer", 
          "name": "Baths"
        }, 
        {
          "data_type": "integer", 
          "name": "Rooms"
        }, 
        {
          "data_type": "integer", 
          "name": "Living"
        }, 
        {
          "data_type": "integer", 
          "name": "Age"
        }
      ], 
      "config": {
        "dataset_id": "09899225-ee62-4766-9fed-82c2197f3c38", 
        "default_filter": null, 
        "file_name": "homes.parquet", 
        "operations": [
          {
            "col_names": [
              "Age"
            ], 
            "opr_name": "remove_missing_values"
          }
        ], 
        "redo": false, 
        "row_count": 15, 
        "row_filter": null, 
        "session_id": "session007", 
        "show_cols": [
          "Age", 
          "Baths", 
          "Living", 
          "Rooms"
        ], 
        "sort_obj": {
          "col_name": "Living", 
          "order": "ASC"
        }, 
        "start_row": 0, 
        "undo": false, 
        "user_id": "Sheshan01", 
        "version_id": "1.0.1653657616"
      }, 
      "current_rows": 15, 
      "data": [
        {
          "Age": "43", 
          "Baths": 1.0, 
          "Living": "10", 
          "Rooms": 5.0
        }, 
        {
          "Age": "41", 
          "Baths": 1.0, 
          "Living": "13", 
          "Rooms": 6.0
        }, 
        {
          "Age": "11", 
          "Baths": 2.0, 
          "Living": "15", 
          "Rooms": 8.0
        }, 
        {
          "Age": "97", 
          "Baths": 1.0, 
          "Living": "15", 
          "Rooms": 8.0
        }, 
        {
          "Age": "25", 
          "Baths": 1.0, 
          "Living": "15", 
          "Rooms": 7.0
        }, 
        {
          "Age": "31", 
          "Baths": 1.0, 
          "Living": "16", 
          "Rooms": 7.0
        }, 
        {
          "Age": "50", 
          "Baths": 1.0, 
          "Living": "16", 
          "Rooms": 7.0
        }, 
        {
          "Age": "33", 
          "Baths": 1.0, 
          "Living": "17", 
          "Rooms": 8.0
        }, 
        {
          "Age": "22", 
          "Baths": 1.0, 
          "Living": "17", 
          "Rooms": 7.0
        }, 
        {
          "Age": "33", 
          "Baths": 2.0, 
          "Living": "17", 
          "Rooms": 8.0
        }, 
        {
          "Age": "25", 
          "Baths": 1.0, 
          "Living": "17", 
          "Rooms": 9.0
        }, 
        {
          "Age": "9", 
          "Baths": 3.0, 
          "Living": "18", 
          "Rooms": 7.0
        }, 
        {
          "Age": "12", 
          "Baths": 2.0, 
          "Living": "18", 
          "Rooms": 8.0
        }, 
        {
          "Age": "44", 
          "Baths": 2.0, 
          "Living": "18", 
          "Rooms": 8.0
        }, 
        {
          "Age": "43", 
          "Baths": 2.0, 
          "Living": "18", 
          "Rooms": 8.0
        }
      ], 
      "get_new_plot": true, 
      "summary": {
        "categorical_cols": 3, 
        "numerical_cols": 6, 
        "rows_with_null_values": 0, 
        "temporal_cols": 0, 
        "text_cols": 0, 
        "total_columns": 4, 
        "total_rows": 38
      }
    }
  }, 
  "status": {
    "code": 200, 
    "result": "success"
  }
}

2022-05-27 18:50:21 INFO  Deserializers$Base:62 - *********Started Add_by_path **********
2022-05-27 18:50:21 INFO  Deserializers$Base:76 - {"data":{"dataset_id":"24492cca-2b6d-4bf3-91db-03e1e1cb1d58","version_id":"1.0.1653657621"},"status":{"code":200,"result":"success"}}

2022-05-27 18:50:21 INFO  Deserializers$Base:128 - **********************************Resonse Data*************************************
2022-05-27 18:50:21 INFO  Deserializers$Base:131 - {
  "data": "please provide file_name to perform specific operations: \"None of [Index(['timestamp', 'Percentage', 'Answer', 'Question', 'Count',\\n       'Segment Type', 'Single', 'Segment Description'],\\n      dtype='object')] are in the [columns]\"", 
  "status": {
    "code": 500, 
    "result": "fail"
  }
}

2022-05-27 18:50:21 INFO  Deserializers$Base:128 - **********************************Resonse Data*************************************
2022-05-27 18:50:21 INFO  Deserializers$Base:131 - {
  "data": {
    "message": [
      "Field may not be null.", 
      "Field may not be null."
    ]
  }, 
  "status": {
    "code": 400, 
    "result": "fail"
  }
}

2022-05-27 19:02:26 INFO  Deserializers$Base:62 - *********Started Add_by_path **********
2022-05-27 19:02:28 INFO  Deserializers$Base:76 - {"data":{"dataset_id":"1e0617cd-25a8-4d10-af04-71ba7925f2dd","version_id":"1.0.1653658348"},"status":{"code":200,"result":"success"}}

2022-05-27 19:02:40 INFO  Deserializers$Base:128 - **********************************Resonse Data*************************************
2022-05-27 19:02:40 INFO  Deserializers$Base:131 - {
  "data": {
    "Count": {
      "feature_class": "numeric", 
      "feature_type": "integer", 
      "max": 498.0, 
      "median": 242.9147, 
      "min": 1.0, 
      "missing_values": 0, 
      "quantiles": {
        "0": 134.0717, 
        "1": 242.9147, 
        "2": 356.9762
      }, 
      "standard_deviation": 139.0614, 
      "total_rows": 453
    }, 
    "Percentage": {
      "feature_class": "numeric", 
      "feature_type": "float", 
      "max": 0.9978, 
      "median": 0.4717, 
      "min": 0.0044, 
      "missing_values": 0, 
      "quantiles": {
        "0": 0.2563, 
        "1": 0.4717, 
        "2": 0.7631
      }, 
      "standard_deviation": 0.2871, 
      "total_rows": 453
    }
  }, 
  "status": {
    "code": 200, 
    "result": "success"
  }
}

2022-05-27 19:02:40 INFO  Deserializers$Base:62 - *********Started Add_by_path **********
2022-05-27 19:02:40 INFO  Deserializers$Base:76 - {"data":{"dataset_id":"80883ae5-5d89-48ca-8423-f6c28e6718ad","version_id":"1.0.1653658360"},"status":{"code":200,"result":"success"}}

2022-05-27 19:02:52 INFO  Deserializers$Base:128 - **********************************Resonse Data*************************************
2022-05-27 19:02:52 INFO  Deserializers$Base:131 - {
  "data": {
    "Living": {
      "feature_class": "numeric", 
      "feature_type": "integer", 
      "max": 64.0, 
      "median": 20.017, 
      "min": 10.0, 
      "missing_values": 6, 
      "quantiles": {
        "0": 16.993, 
        "1": 20.017, 
        "2": 24.013
      }, 
      "standard_deviation": 8.739, 
      "total_rows": 51
    }, 
    "Sell": {
      "feature_class": "numeric", 
      "feature_type": "integer", 
      "max": 567.0, 
      "median": 150.6, 
      "min": 87.0, 
      "missing_values": 9, 
      "quantiles": {
        "0": 132.84, 
        "1": 150.6, 
        "2": 184.2
      }, 
      "standard_deviation": 81.3297, 
      "total_rows": 51
    }
  }, 
  "status": {
    "code": 200, 
    "result": "success"
  }
}

2022-05-27 19:02:53 INFO  Deserializers$Base:62 - *********Started Add_by_path **********
2022-05-27 19:02:53 INFO  Deserializers$Base:76 - {"data":{"dataset_id":"2cb8f518-2744-4bf8-935a-4df3b59fd941","version_id":"1.0.1653658373"},"status":{"code":200,"result":"success"}}

2022-05-27 19:02:53 INFO  Deserializers$Base:128 - **********************************Resonse Data*************************************
2022-05-27 19:02:53 INFO  Deserializers$Base:131 - {
  "data": {
    "message": [
      "file_name is required."
    ]
  }, 
  "status": {
    "code": 400, 
    "result": "fail"
  }
}

2022-05-27 19:02:53 INFO  Deserializers$Base:128 - **********************************Resonse Data*************************************
2022-05-27 19:02:53 INFO  Deserializers$Base:131 - {
  "data": {
    "message": [
      "Field may not be null.", 
      "Field may not be null.", 
      "file_name is required."
    ]
  }, 
  "status": {
    "code": 400, 
    "result": "fail"
  }
}

2022-05-27 19:02:53 INFO  Deserializers$Base:62 - *********Started Add_by_path **********
2022-05-27 19:02:53 INFO  Deserializers$Base:76 - {"data":{"dataset_id":"6450914a-b90a-4c36-903e-65cee9005f39","version_id":"1.0.1653658373"},"status":{"code":200,"result":"success"}}

2022-05-27 19:02:58 INFO  Deserializers$Base:128 - **********************************Resonse Data*************************************
2022-05-27 19:02:58 INFO  Deserializers$Base:131 - {
  "data": {
    "homes.parquet": {
      "col_names_types": [
        {
          "data_type": "integer", 
          "name": "Baths"
        }, 
        {
          "data_type": "integer", 
          "name": "Rooms"
        }, 
        {
          "data_type": "integer", 
          "name": "Living"
        }, 
        {
          "data_type": "integer", 
          "name": "Age"
        }
      ], 
      "config": {
        "dataset_id": "6450914a-b90a-4c36-903e-65cee9005f39", 
        "default_filter": null, 
        "file_name": "homes.parquet", 
        "operations": [
          {
            "col_names": [
              "Age"
            ], 
            "opr_name": "remove_missing_values"
          }
        ], 
        "redo": false, 
        "row_count": 15, 
        "row_filter": null, 
        "session_id": "session007", 
        "show_cols": [
          "Age", 
          "Baths", 
          "Living", 
          "Rooms"
        ], 
        "sort_obj": {
          "col_name": "Living", 
          "order": "ASC"
        }, 
        "start_row": 0, 
        "undo": false, 
        "user_id": "Sheshan01", 
        "version_id": "1.0.1653658373"
      }, 
      "current_rows": 15, 
      "data": [
        {
          "Age": "43", 
          "Baths": 1.0, 
          "Living": "10", 
          "Rooms": 5.0
        }, 
        {
          "Age": "41", 
          "Baths": 1.0, 
          "Living": "13", 
          "Rooms": 6.0
        }, 
        {
          "Age": "11", 
          "Baths": 2.0, 
          "Living": "15", 
          "Rooms": 8.0
        }, 
        {
          "Age": "97", 
          "Baths": 1.0, 
          "Living": "15", 
          "Rooms": 8.0
        }, 
        {
          "Age": "25", 
          "Baths": 1.0, 
          "Living": "15", 
          "Rooms": 7.0
        }, 
        {
          "Age": "31", 
          "Baths": 1.0, 
          "Living": "16", 
          "Rooms": 7.0
        }, 
        {
          "Age": "50", 
          "Baths": 1.0, 
          "Living": "16", 
          "Rooms": 7.0
        }, 
        {
          "Age": "33", 
          "Baths": 1.0, 
          "Living": "17", 
          "Rooms": 8.0
        }, 
        {
          "Age": "22", 
          "Baths": 1.0, 
          "Living": "17", 
          "Rooms": 7.0
        }, 
        {
          "Age": "33", 
          "Baths": 2.0, 
          "Living": "17", 
          "Rooms": 8.0
        }, 
        {
          "Age": "25", 
          "Baths": 1.0, 
          "Living": "17", 
          "Rooms": 9.0
        }, 
        {
          "Age": "9", 
          "Baths": 3.0, 
          "Living": "18", 
          "Rooms": 7.0
        }, 
        {
          "Age": "12", 
          "Baths": 2.0, 
          "Living": "18", 
          "Rooms": 8.0
        }, 
        {
          "Age": "44", 
          "Baths": 2.0, 
          "Living": "18", 
          "Rooms": 8.0
        }, 
        {
          "Age": "43", 
          "Baths": 2.0, 
          "Living": "18", 
          "Rooms": 8.0
        }
      ], 
      "get_new_plot": true, 
      "summary": {
        "categorical_cols": 3, 
        "numerical_cols": 6, 
        "rows_with_null_values": 0, 
        "temporal_cols": 0, 
        "text_cols": 0, 
        "total_columns": 4, 
        "total_rows": 38
      }
    }
  }, 
  "status": {
    "code": 200, 
    "result": "success"
  }
}

2022-05-27 19:02:59 INFO  Deserializers$Base:62 - *********Started Add_by_path **********
2022-05-27 19:02:59 INFO  Deserializers$Base:76 - {"data":{"dataset_id":"dc2956ff-dade-48bd-bc7e-71580fe2e325","version_id":"1.0.1653658379"},"status":{"code":200,"result":"success"}}

2022-05-27 19:02:59 INFO  Deserializers$Base:128 - **********************************Resonse Data*************************************
2022-05-27 19:02:59 INFO  Deserializers$Base:131 - {
  "data": "please provide file_name to perform specific operations: \"None of [Index(['timestamp', 'Percentage', 'Answer', 'Question', 'Count',\\n       'Segment Type', 'Single', 'Segment Description'],\\n      dtype='object')] are in the [columns]\"", 
  "status": {
    "code": 500, 
    "result": "fail"
  }
}

2022-05-27 19:03:00 INFO  Deserializers$Base:128 - **********************************Resonse Data*************************************
2022-05-27 19:03:00 INFO  Deserializers$Base:131 - {
  "data": {
    "message": [
      "Field may not be null.", 
      "Field may not be null."
    ]
  }, 
  "status": {
    "code": 400, 
    "result": "fail"
  }
}

2022-05-27 19:12:45 INFO  Deserializers$Base:62 - *********Started Add_by_path **********
2022-05-27 19:12:46 INFO  Deserializers$Base:76 - {"data":{"dataset_id":"f690d294-adcc-4995-9168-b68d9419ff86","version_id":"1.0.1653658966"},"status":{"code":200,"result":"success"}}

2022-05-27 19:12:56 INFO  Deserializers$Base:128 - **********************************Resonse Data*************************************
2022-05-27 19:12:56 INFO  Deserializers$Base:131 - {
  "data": {
    "Count": {
      "feature_class": "numeric", 
      "feature_type": "integer", 
      "max": 498.0, 
      "median": 242.9147, 
      "min": 1.0, 
      "missing_values": 0, 
      "quantiles": {
        "0": 134.0717, 
        "1": 242.9147, 
        "2": 356.9762
      }, 
      "standard_deviation": 139.0614, 
      "total_rows": 453
    }, 
    "Percentage": {
      "feature_class": "numeric", 
      "feature_type": "float", 
      "max": 0.9978, 
      "median": 0.4717, 
      "min": 0.0044, 
      "missing_values": 0, 
      "quantiles": {
        "0": 0.2563, 
        "1": 0.4717, 
        "2": 0.7631
      }, 
      "standard_deviation": 0.2871, 
      "total_rows": 453
    }
  }, 
  "status": {
    "code": 200, 
    "result": "success"
  }
}

2022-05-27 19:12:56 INFO  Deserializers$Base:62 - *********Started Add_by_path **********
2022-05-27 19:12:57 INFO  Deserializers$Base:76 - {"data":{"dataset_id":"575beebc-468c-4e63-bf7c-0927d90fb220","version_id":"1.0.1653658976"},"status":{"code":200,"result":"success"}}

2022-05-27 19:13:08 INFO  Deserializers$Base:128 - **********************************Resonse Data*************************************
2022-05-27 19:13:08 INFO  Deserializers$Base:131 - {
  "data": {
    "Living": {
      "feature_class": "numeric", 
      "feature_type": "integer", 
      "max": 64.0, 
      "median": 20.017, 
      "min": 10.0, 
      "missing_values": 6, 
      "quantiles": {
        "0": 16.993, 
        "1": 20.017, 
        "2": 24.013
      }, 
      "standard_deviation": 8.739, 
      "total_rows": 51
    }, 
    "Sell": {
      "feature_class": "numeric", 
      "feature_type": "integer", 
      "max": 567.0, 
      "median": 150.6, 
      "min": 87.0, 
      "missing_values": 9, 
      "quantiles": {
        "0": 132.84, 
        "1": 150.6, 
        "2": 184.2
      }, 
      "standard_deviation": 81.3297, 
      "total_rows": 51
    }
  }, 
  "status": {
    "code": 200, 
    "result": "success"
  }
}

2022-05-27 19:13:08 INFO  Deserializers$Base:62 - *********Started Add_by_path **********
2022-05-27 19:13:08 INFO  Deserializers$Base:76 - {"data":{"dataset_id":"d62c1840-d507-4c2b-bb62-525744c70c3e","version_id":"1.0.1653658988"},"status":{"code":200,"result":"success"}}

2022-05-27 19:13:08 INFO  Deserializers$Base:128 - **********************************Resonse Data*************************************
2022-05-27 19:13:08 INFO  Deserializers$Base:131 - {
  "data": {
    "message": [
      "file_name is required."
    ]
  }, 
  "status": {
    "code": 400, 
    "result": "fail"
  }
}

2022-05-27 19:13:08 INFO  Deserializers$Base:128 - **********************************Resonse Data*************************************
2022-05-27 19:13:08 INFO  Deserializers$Base:131 - {
  "data": {
    "message": [
      "Field may not be null.", 
      "Field may not be null.", 
      "file_name is required."
    ]
  }, 
  "status": {
    "code": 400, 
    "result": "fail"
  }
}

2022-05-27 19:13:08 INFO  Deserializers$Base:62 - *********Started Add_by_path **********
2022-05-27 19:13:09 INFO  Deserializers$Base:76 - {"data":{"dataset_id":"f5cd6290-2b0f-40b2-8f44-43ae119cb293","version_id":"1.0.1653658989"},"status":{"code":200,"result":"success"}}

2022-05-27 19:13:14 INFO  Deserializers$Base:128 - **********************************Resonse Data*************************************
2022-05-27 19:13:14 INFO  Deserializers$Base:131 - {
  "data": {
    "homes.parquet": {
      "col_names_types": [
        {
          "data_type": "integer", 
          "name": "Baths"
        }, 
        {
          "data_type": "integer", 
          "name": "Rooms"
        }, 
        {
          "data_type": "integer", 
          "name": "Living"
        }, 
        {
          "data_type": "integer", 
          "name": "Age"
        }
      ], 
      "config": {
        "dataset_id": "f5cd6290-2b0f-40b2-8f44-43ae119cb293", 
        "default_filter": null, 
        "file_name": "homes.parquet", 
        "operations": [
          {
            "col_names": [
              "Age"
            ], 
            "opr_name": "remove_missing_values"
          }
        ], 
        "redo": false, 
        "row_count": 15, 
        "row_filter": null, 
        "session_id": "session007", 
        "show_cols": [
          "Age", 
          "Baths", 
          "Living", 
          "Rooms"
        ], 
        "sort_obj": {
          "col_name": "Living", 
          "order": "ASC"
        }, 
        "start_row": 0, 
        "undo": false, 
        "user_id": "Sheshan01", 
        "version_id": "1.0.1653658989"
      }, 
      "current_rows": 15, 
      "data": [
        {
          "Age": "43", 
          "Baths": 1.0, 
          "Living": "10", 
          "Rooms": 5.0
        }, 
        {
          "Age": "41", 
          "Baths": 1.0, 
          "Living": "13", 
          "Rooms": 6.0
        }, 
        {
          "Age": "11", 
          "Baths": 2.0, 
          "Living": "15", 
          "Rooms": 8.0
        }, 
        {
          "Age": "97", 
          "Baths": 1.0, 
          "Living": "15", 
          "Rooms": 8.0
        }, 
        {
          "Age": "25", 
          "Baths": 1.0, 
          "Living": "15", 
          "Rooms": 7.0
        }, 
        {
          "Age": "31", 
          "Baths": 1.0, 
          "Living": "16", 
          "Rooms": 7.0
        }, 
        {
          "Age": "50", 
          "Baths": 1.0, 
          "Living": "16", 
          "Rooms": 7.0
        }, 
        {
          "Age": "33", 
          "Baths": 1.0, 
          "Living": "17", 
          "Rooms": 8.0
        }, 
        {
          "Age": "22", 
          "Baths": 1.0, 
          "Living": "17", 
          "Rooms": 7.0
        }, 
        {
          "Age": "33", 
          "Baths": 2.0, 
          "Living": "17", 
          "Rooms": 8.0
        }, 
        {
          "Age": "25", 
          "Baths": 1.0, 
          "Living": "17", 
          "Rooms": 9.0
        }, 
        {
          "Age": "9", 
          "Baths": 3.0, 
          "Living": "18", 
          "Rooms": 7.0
        }, 
        {
          "Age": "12", 
          "Baths": 2.0, 
          "Living": "18", 
          "Rooms": 8.0
        }, 
        {
          "Age": "44", 
          "Baths": 2.0, 
          "Living": "18", 
          "Rooms": 8.0
        }, 
        {
          "Age": "43", 
          "Baths": 2.0, 
          "Living": "18", 
          "Rooms": 8.0
        }
      ], 
      "get_new_plot": true, 
      "summary": {
        "categorical_cols": 3, 
        "numerical_cols": 6, 
        "rows_with_null_values": 0, 
        "temporal_cols": 0, 
        "text_cols": 0, 
        "total_columns": 4, 
        "total_rows": 38
      }
    }
  }, 
  "status": {
    "code": 200, 
    "result": "success"
  }
}

2022-05-27 19:13:14 INFO  Deserializers$Base:62 - *********Started Add_by_path **********
2022-05-27 19:13:14 INFO  Deserializers$Base:76 - {"data":{"dataset_id":"6d786d73-d6ea-437b-b5d5-4770d458a287","version_id":"1.0.1653658994"},"status":{"code":200,"result":"success"}}

2022-05-27 19:13:14 INFO  Deserializers$Base:128 - **********************************Resonse Data*************************************
2022-05-27 19:13:14 INFO  Deserializers$Base:131 - {
  "data": "please provide file_name to perform specific operations: \"None of [Index(['timestamp', 'Percentage', 'Answer', 'Question', 'Count',\\n       'Segment Type', 'Single', 'Segment Description'],\\n      dtype='object')] are in the [columns]\"", 
  "status": {
    "code": 500, 
    "result": "fail"
  }
}

2022-05-27 19:13:14 INFO  Deserializers$Base:128 - **********************************Resonse Data*************************************
2022-05-27 19:13:14 INFO  Deserializers$Base:131 - {
  "data": {
    "message": [
      "Field may not be null.", 
      "Field may not be null."
    ]
  }, 
  "status": {
    "code": 400, 
    "result": "fail"
  }
}

2022-05-27 19:30:47 INFO  Deserializers$Base:62 - *********Started Add_by_path **********
2022-05-27 19:30:48 INFO  Deserializers$Base:76 - {"data":{"dataset_id":"76a6ee78-27f2-4b07-a279-feead4374ef6","version_id":"1.0.1653660048"},"status":{"code":200,"result":"success"}}

2022-05-27 19:30:58 INFO  Deserializers$Base:128 - **********************************Resonse Data*************************************
2022-05-27 19:30:58 INFO  Deserializers$Base:131 - {
  "data": {
    "Count": {
      "feature_class": "numeric", 
      "feature_type": "integer", 
      "max": 498.0, 
      "median": 242.9147, 
      "min": 1.0, 
      "missing_values": 0, 
      "quantiles": {
        "0": 134.0717, 
        "1": 242.9147, 
        "2": 356.9762
      }, 
      "standard_deviation": 139.0614, 
      "total_rows": 453
    }, 
    "Percentage": {
      "feature_class": "numeric", 
      "feature_type": "float", 
      "max": 0.9978, 
      "median": 0.4717, 
      "min": 0.0044, 
      "missing_values": 0, 
      "quantiles": {
        "0": 0.2563, 
        "1": 0.4717, 
        "2": 0.7631
      }, 
      "standard_deviation": 0.2871, 
      "total_rows": 453
    }
  }, 
  "status": {
    "code": 200, 
    "result": "success"
  }
}

2022-05-27 19:30:58 INFO  Deserializers$Base:62 - *********Started Add_by_path **********
2022-05-27 19:30:59 INFO  Deserializers$Base:76 - {"data":{"dataset_id":"a20b1631-f770-4e44-9c83-4dad3a61ee1e","version_id":"1.0.1653660059"},"status":{"code":200,"result":"success"}}

2022-05-27 19:31:10 INFO  Deserializers$Base:128 - **********************************Resonse Data*************************************
2022-05-27 19:31:10 INFO  Deserializers$Base:131 - {
  "data": {
    "Living": {
      "feature_class": "numeric", 
      "feature_type": "integer", 
      "max": 64.0, 
      "median": 20.017, 
      "min": 10.0, 
      "missing_values": 6, 
      "quantiles": {
        "0": 16.993, 
        "1": 20.017, 
        "2": 24.013
      }, 
      "standard_deviation": 8.739, 
      "total_rows": 51
    }, 
    "Sell": {
      "feature_class": "numeric", 
      "feature_type": "integer", 
      "max": 567.0, 
      "median": 150.6, 
      "min": 87.0, 
      "missing_values": 9, 
      "quantiles": {
        "0": 132.84, 
        "1": 150.6, 
        "2": 184.2
      }, 
      "standard_deviation": 81.3297, 
      "total_rows": 51
    }
  }, 
  "status": {
    "code": 200, 
    "result": "success"
  }
}

2022-05-27 19:31:10 INFO  Deserializers$Base:62 - *********Started Add_by_path **********
2022-05-27 19:31:10 INFO  Deserializers$Base:76 - {"data":{"dataset_id":"84871d66-08b9-4ca4-9482-c6f790bae5c9","version_id":"1.0.1653660070"},"status":{"code":200,"result":"success"}}

2022-05-27 19:31:10 INFO  Deserializers$Base:128 - **********************************Resonse Data*************************************
2022-05-27 19:31:10 INFO  Deserializers$Base:131 - {
  "data": {
    "message": [
      "file_name is required."
    ]
  }, 
  "status": {
    "code": 400, 
    "result": "fail"
  }
}

2022-05-27 19:31:10 INFO  Deserializers$Base:128 - **********************************Resonse Data*************************************
2022-05-27 19:31:10 INFO  Deserializers$Base:131 - {
  "data": {
    "message": [
      "Field may not be null.", 
      "Field may not be null.", 
      "file_name is required."
    ]
  }, 
  "status": {
    "code": 400, 
    "result": "fail"
  }
}

2022-05-27 19:31:10 INFO  Deserializers$Base:62 - *********Started Add_by_path **********
2022-05-27 19:31:10 INFO  Deserializers$Base:76 - {"data":{"dataset_id":"e5e0df4c-6c43-41ec-bead-987c3133941d","version_id":"1.0.1653660070"},"status":{"code":200,"result":"success"}}

2022-05-27 19:31:15 INFO  Deserializers$Base:128 - **********************************Resonse Data*************************************
2022-05-27 19:31:15 INFO  Deserializers$Base:131 - {
  "data": {
    "homes.parquet": {
      "col_names_types": [
        {
          "data_type": "integer", 
          "name": "Baths"
        }, 
        {
          "data_type": "integer", 
          "name": "Rooms"
        }, 
        {
          "data_type": "integer", 
          "name": "Living"
        }, 
        {
          "data_type": "integer", 
          "name": "Age"
        }
      ], 
      "config": {
        "dataset_id": "e5e0df4c-6c43-41ec-bead-987c3133941d", 
        "default_filter": null, 
        "file_name": "homes.parquet", 
        "operations": [
          {
            "col_names": [
              "Age"
            ], 
            "opr_name": "remove_missing_values"
          }
        ], 
        "redo": false, 
        "row_count": 15, 
        "row_filter": null, 
        "session_id": "session007", 
        "show_cols": [
          "Age", 
          "Baths", 
          "Living", 
          "Rooms"
        ], 
        "sort_obj": {
          "col_name": "Living", 
          "order": "ASC"
        }, 
        "start_row": 0, 
        "undo": false, 
        "user_id": "Sheshan01", 
        "version_id": "1.0.1653660070"
      }, 
      "current_rows": 15, 
      "data": [
        {
          "Age": "43", 
          "Baths": 1.0, 
          "Living": "10", 
          "Rooms": 5.0
        }, 
        {
          "Age": "41", 
          "Baths": 1.0, 
          "Living": "13", 
          "Rooms": 6.0
        }, 
        {
          "Age": "11", 
          "Baths": 2.0, 
          "Living": "15", 
          "Rooms": 8.0
        }, 
        {
          "Age": "97", 
          "Baths": 1.0, 
          "Living": "15", 
          "Rooms": 8.0
        }, 
        {
          "Age": "25", 
          "Baths": 1.0, 
          "Living": "15", 
          "Rooms": 7.0
        }, 
        {
          "Age": "31", 
          "Baths": 1.0, 
          "Living": "16", 
          "Rooms": 7.0
        }, 
        {
          "Age": "50", 
          "Baths": 1.0, 
          "Living": "16", 
          "Rooms": 7.0
        }, 
        {
          "Age": "33", 
          "Baths": 1.0, 
          "Living": "17", 
          "Rooms": 8.0
        }, 
        {
          "Age": "22", 
          "Baths": 1.0, 
          "Living": "17", 
          "Rooms": 7.0
        }, 
        {
          "Age": "33", 
          "Baths": 2.0, 
          "Living": "17", 
          "Rooms": 8.0
        }, 
        {
          "Age": "25", 
          "Baths": 1.0, 
          "Living": "17", 
          "Rooms": 9.0
        }, 
        {
          "Age": "9", 
          "Baths": 3.0, 
          "Living": "18", 
          "Rooms": 7.0
        }, 
        {
          "Age": "12", 
          "Baths": 2.0, 
          "Living": "18", 
          "Rooms": 8.0
        }, 
        {
          "Age": "44", 
          "Baths": 2.0, 
          "Living": "18", 
          "Rooms": 8.0
        }, 
        {
          "Age": "43", 
          "Baths": 2.0, 
          "Living": "18", 
          "Rooms": 8.0
        }
      ], 
      "get_new_plot": true, 
      "summary": {
        "categorical_cols": 3, 
        "numerical_cols": 6, 
        "rows_with_null_values": 0, 
        "temporal_cols": 0, 
        "text_cols": 0, 
        "total_columns": 4, 
        "total_rows": 38
      }
    }
  }, 
  "status": {
    "code": 200, 
    "result": "success"
  }
}

2022-05-27 19:31:15 INFO  Deserializers$Base:62 - *********Started Add_by_path **********
2022-05-27 19:31:16 INFO  Deserializers$Base:76 - {"data":{"dataset_id":"aaf7619d-b16f-4a65-8827-d00d4556d3b9","version_id":"1.0.1653660076"},"status":{"code":200,"result":"success"}}

2022-05-27 19:31:16 INFO  Deserializers$Base:128 - **********************************Resonse Data*************************************
2022-05-27 19:31:16 INFO  Deserializers$Base:131 - {
  "data": "please provide file_name to perform specific operations: \"None of [Index(['timestamp', 'Percentage', 'Answer', 'Question', 'Count',\\n       'Segment Type', 'Single', 'Segment Description'],\\n      dtype='object')] are in the [columns]\"", 
  "status": {
    "code": 500, 
    "result": "fail"
  }
}

2022-05-27 19:31:16 INFO  Deserializers$Base:128 - **********************************Resonse Data*************************************
2022-05-27 19:31:16 INFO  Deserializers$Base:131 - {
  "data": {
    "message": [
      "Field may not be null.", 
      "Field may not be null."
    ]
  }, 
  "status": {
    "code": 400, 
    "result": "fail"
  }
}

